<?xml version="1.0" encoding="UTF-8"?>
<testsuite xmlns:xsi="http://www.w3.org/2001/XMLSchema-instance" xsi:noNamespaceSchemaLocation="https://maven.apache.org/surefire/maven-surefire-plugin/xsd/surefire-test-report.xsd" version="3.0.2" name="com.stu.GarbageRecyclingApplicationTests" time="5.106" tests="1" errors="0" skipped="0" failures="0">
  <properties>
    <property name="java.specification.version" value="21"/>
    <property name="sun.cpu.isalist" value="amd64"/>
    <property name="sun.jnu.encoding" value="GBK"/>
    <property name="java.class.path" value="E:\work_java\Team_project\garbage_recycling\garbage_recycling\target\test-classes;E:\work_java\Team_project\garbage_recycling\garbage_recycling\target\classes;C:\Users\黄耀峰\.m2\repository\javax\annotation\javax.annotation-api\1.3.2\javax.annotation-api-1.3.2.jar;C:\Users\黄耀峰\.m2\repository\org\springframework\boot\spring-boot-starter-web\3.5.5\spring-boot-starter-web-3.5.5.jar;C:\Users\黄耀峰\.m2\repository\org\springframework\boot\spring-boot-starter\3.5.5\spring-boot-starter-3.5.5.jar;C:\Users\黄耀峰\.m2\repository\org\springframework\boot\spring-boot\3.5.5\spring-boot-3.5.5.jar;C:\Users\黄耀峰\.m2\repository\org\springframework\boot\spring-boot-starter-logging\3.5.5\spring-boot-starter-logging-3.5.5.jar;C:\Users\黄耀峰\.m2\repository\ch\qos\logback\logback-classic\1.5.18\logback-classic-1.5.18.jar;C:\Users\黄耀峰\.m2\repository\ch\qos\logback\logback-core\1.5.18\logback-core-1.5.18.jar;C:\Users\黄耀峰\.m2\repository\org\apache\logging\log4j\log4j-to-slf4j\2.24.3\log4j-to-slf4j-2.24.3.jar;C:\Users\黄耀峰\.m2\repository\org\apache\logging\log4j\log4j-api\2.24.3\log4j-api-2.24.3.jar;C:\Users\黄耀峰\.m2\repository\org\slf4j\jul-to-slf4j\2.0.17\jul-to-slf4j-2.0.17.jar;C:\Users\黄耀峰\.m2\repository\jakarta\annotation\jakarta.annotation-api\2.1.1\jakarta.annotation-api-2.1.1.jar;C:\Users\黄耀峰\.m2\repository\org\yaml\snakeyaml\2.4\snakeyaml-2.4.jar;C:\Users\黄耀峰\.m2\repository\org\springframework\boot\spring-boot-starter-json\3.5.5\spring-boot-starter-json-3.5.5.jar;C:\Users\黄耀峰\.m2\repository\com\fasterxml\jackson\datatype\jackson-datatype-jdk8\2.19.2\jackson-datatype-jdk8-2.19.2.jar;C:\Users\黄耀峰\.m2\repository\com\fasterxml\jackson\datatype\jackson-datatype-jsr310\2.19.2\jackson-datatype-jsr310-2.19.2.jar;C:\Users\黄耀峰\.m2\repository\com\fasterxml\jackson\module\jackson-module-parameter-names\2.19.2\jackson-module-parameter-names-2.19.2.jar;C:\Users\黄耀峰\.m2\repository\org\springframework\boot\spring-boot-starter-tomcat\3.5.5\spring-boot-starter-tomcat-3.5.5.jar;C:\Users\黄耀峰\.m2\repository\org\apache\tomcat\embed\tomcat-embed-core\10.1.44\tomcat-embed-core-10.1.44.jar;C:\Users\黄耀峰\.m2\repository\org\apache\tomcat\embed\tomcat-embed-websocket\10.1.44\tomcat-embed-websocket-10.1.44.jar;C:\Users\黄耀峰\.m2\repository\org\springframework\spring-web\6.2.10\spring-web-6.2.10.jar;C:\Users\黄耀峰\.m2\repository\org\springframework\spring-beans\6.2.10\spring-beans-6.2.10.jar;C:\Users\黄耀峰\.m2\repository\io\micrometer\micrometer-observation\1.15.3\micrometer-observation-1.15.3.jar;C:\Users\黄耀峰\.m2\repository\io\micrometer\micrometer-commons\1.15.3\micrometer-commons-1.15.3.jar;C:\Users\黄耀峰\.m2\repository\org\springframework\spring-webmvc\6.2.10\spring-webmvc-6.2.10.jar;C:\Users\黄耀峰\.m2\repository\org\springframework\spring-aop\6.2.10\spring-aop-6.2.10.jar;C:\Users\黄耀峰\.m2\repository\org\springframework\spring-context\6.2.10\spring-context-6.2.10.jar;C:\Users\黄耀峰\.m2\repository\org\springframework\spring-expression\6.2.10\spring-expression-6.2.10.jar;C:\Users\黄耀峰\.m2\repository\org\springdoc\springdoc-openapi-starter-webmvc-ui\2.7.0\springdoc-openapi-starter-webmvc-ui-2.7.0.jar;C:\Users\黄耀峰\.m2\repository\org\springdoc\springdoc-openapi-starter-webmvc-api\2.7.0\springdoc-openapi-starter-webmvc-api-2.7.0.jar;C:\Users\黄耀峰\.m2\repository\org\springdoc\springdoc-openapi-starter-common\2.7.0\springdoc-openapi-starter-common-2.7.0.jar;C:\Users\黄耀峰\.m2\repository\io\swagger\core\v3\swagger-core-jakarta\2.2.25\swagger-core-jakarta-2.2.25.jar;C:\Users\黄耀峰\.m2\repository\org\apache\commons\commons-lang3\3.17.0\commons-lang3-3.17.0.jar;C:\Users\黄耀峰\.m2\repository\io\swagger\core\v3\swagger-annotations-jakarta\2.2.25\swagger-annotations-jakarta-2.2.25.jar;C:\Users\黄耀峰\.m2\repository\io\swagger\core\v3\swagger-models-jakarta\2.2.25\swagger-models-jakarta-2.2.25.jar;C:\Users\黄耀峰\.m2\repository\com\fasterxml\jackson\dataformat\jackson-dataformat-yaml\2.19.2\jackson-dataformat-yaml-2.19.2.jar;C:\Users\黄耀峰\.m2\repository\org\webjars\swagger-ui\5.18.2\swagger-ui-5.18.2.jar;C:\Users\黄耀峰\.m2\repository\org\webjars\webjars-locator-lite\1.1.0\webjars-locator-lite-1.1.0.jar;C:\Users\黄耀峰\.m2\repository\org\jspecify\jspecify\1.0.0\jspecify-1.0.0.jar;C:\Users\黄耀峰\.m2\repository\com\mysql\mysql-connector-j\9.4.0\mysql-connector-j-9.4.0.jar;C:\Users\黄耀峰\.m2\repository\org\projectlombok\lombok\1.18.36\lombok-1.18.36.jar;C:\Users\黄耀峰\.m2\repository\com\baomidou\mybatis-plus-spring-boot3-starter\3.5.6\mybatis-plus-spring-boot3-starter-3.5.6.jar;C:\Users\黄耀峰\.m2\repository\com\baomidou\mybatis-plus\3.5.6\mybatis-plus-3.5.6.jar;C:\Users\黄耀峰\.m2\repository\com\baomidou\mybatis-plus-core\3.5.6\mybatis-plus-core-3.5.6.jar;C:\Users\黄耀峰\.m2\repository\com\baomidou\mybatis-plus-annotation\3.5.6\mybatis-plus-annotation-3.5.6.jar;C:\Users\黄耀峰\.m2\repository\com\baomidou\mybatis-plus-extension\3.5.6\mybatis-plus-extension-3.5.6.jar;C:\Users\黄耀峰\.m2\repository\org\mybatis\mybatis\3.5.16\mybatis-3.5.16.jar;C:\Users\黄耀峰\.m2\repository\com\github\jsqlparser\jsqlparser\4.9\jsqlparser-4.9.jar;C:\Users\黄耀峰\.m2\repository\org\mybatis\mybatis-spring\3.0.3\mybatis-spring-3.0.3.jar;C:\Users\黄耀峰\.m2\repository\com\baomidou\mybatis-plus-spring-boot-autoconfigure\3.5.6\mybatis-plus-spring-boot-autoconfigure-3.5.6.jar;C:\Users\黄耀峰\.m2\repository\org\springframework\boot\spring-boot-autoconfigure\3.5.5\spring-boot-autoconfigure-3.5.5.jar;C:\Users\黄耀峰\.m2\repository\org\springframework\boot\spring-boot-starter-jdbc\3.5.5\spring-boot-starter-jdbc-3.5.5.jar;C:\Users\黄耀峰\.m2\repository\com\zaxxer\HikariCP\6.3.2\HikariCP-6.3.2.jar;C:\Users\黄耀峰\.m2\repository\org\springframework\spring-jdbc\6.2.10\spring-jdbc-6.2.10.jar;C:\Users\黄耀峰\.m2\repository\io\jsonwebtoken\jjwt-api\0.11.2\jjwt-api-0.11.2.jar;C:\Users\黄耀峰\.m2\repository\io\jsonwebtoken\jjwt-impl\0.11.2\jjwt-impl-0.11.2.jar;C:\Users\黄耀峰\.m2\repository\io\jsonwebtoken\jjwt-jackson\0.11.2\jjwt-jackson-0.11.2.jar;C:\Users\黄耀峰\.m2\repository\com\fasterxml\jackson\core\jackson-databind\2.19.2\jackson-databind-2.19.2.jar;C:\Users\黄耀峰\.m2\repository\com\fasterxml\jackson\core\jackson-annotations\2.19.2\jackson-annotations-2.19.2.jar;C:\Users\黄耀峰\.m2\repository\com\fasterxml\jackson\core\jackson-core\2.19.2\jackson-core-2.19.2.jar;C:\Users\黄耀峰\.m2\repository\org\springframework\boot\spring-boot-starter-data-redis\3.5.5\spring-boot-starter-data-redis-3.5.5.jar;C:\Users\黄耀峰\.m2\repository\io\lettuce\lettuce-core\6.6.0.RELEASE\lettuce-core-6.6.0.RELEASE.jar;C:\Users\黄耀峰\.m2\repository\redis\clients\authentication\redis-authx-core\0.1.1-beta2\redis-authx-core-0.1.1-beta2.jar;C:\Users\黄耀峰\.m2\repository\io\netty\netty-common\4.1.124.Final\netty-common-4.1.124.Final.jar;C:\Users\黄耀峰\.m2\repository\io\netty\netty-handler\4.1.124.Final\netty-handler-4.1.124.Final.jar;C:\Users\黄耀峰\.m2\repository\io\netty\netty-resolver\4.1.124.Final\netty-resolver-4.1.124.Final.jar;C:\Users\黄耀峰\.m2\repository\io\netty\netty-buffer\4.1.124.Final\netty-buffer-4.1.124.Final.jar;C:\Users\黄耀峰\.m2\repository\io\netty\netty-transport-native-unix-common\4.1.124.Final\netty-transport-native-unix-common-4.1.124.Final.jar;C:\Users\黄耀峰\.m2\repository\io\netty\netty-codec\4.1.124.Final\netty-codec-4.1.124.Final.jar;C:\Users\黄耀峰\.m2\repository\io\netty\netty-transport\4.1.124.Final\netty-transport-4.1.124.Final.jar;C:\Users\黄耀峰\.m2\repository\io\projectreactor\reactor-core\3.7.9\reactor-core-3.7.9.jar;C:\Users\黄耀峰\.m2\repository\org\reactivestreams\reactive-streams\1.0.4\reactive-streams-1.0.4.jar;C:\Users\黄耀峰\.m2\repository\org\springframework\data\spring-data-redis\3.5.3\spring-data-redis-3.5.3.jar;C:\Users\黄耀峰\.m2\repository\org\springframework\data\spring-data-keyvalue\3.5.3\spring-data-keyvalue-3.5.3.jar;C:\Users\黄耀峰\.m2\repository\org\springframework\data\spring-data-commons\3.5.3\spring-data-commons-3.5.3.jar;C:\Users\黄耀峰\.m2\repository\org\springframework\spring-tx\6.2.10\spring-tx-6.2.10.jar;C:\Users\黄耀峰\.m2\repository\org\springframework\spring-oxm\6.2.10\spring-oxm-6.2.10.jar;C:\Users\黄耀峰\.m2\repository\org\springframework\spring-context-support\6.2.10\spring-context-support-6.2.10.jar;C:\Users\黄耀峰\.m2\repository\org\slf4j\slf4j-api\2.0.17\slf4j-api-2.0.17.jar;C:\Users\黄耀峰\.m2\repository\com\alibaba\fastjson\2.0.48\fastjson-2.0.48.jar;C:\Users\黄耀峰\.m2\repository\com\alibaba\fastjson2\fastjson2-extension\2.0.48\fastjson2-extension-2.0.48.jar;C:\Users\黄耀峰\.m2\repository\com\alibaba\fastjson2\fastjson2\2.0.48\fastjson2-2.0.48.jar;C:\Users\黄耀峰\.m2\repository\jakarta\servlet\jakarta.servlet-api\6.0.0\jakarta.servlet-api-6.0.0.jar;C:\Users\黄耀峰\.m2\repository\org\springframework\boot\spring-boot-starter-test\3.5.5\spring-boot-starter-test-3.5.5.jar;C:\Users\黄耀峰\.m2\repository\org\springframework\boot\spring-boot-test\3.5.5\spring-boot-test-3.5.5.jar;C:\Users\黄耀峰\.m2\repository\org\springframework\boot\spring-boot-test-autoconfigure\3.5.5\spring-boot-test-autoconfigure-3.5.5.jar;C:\Users\黄耀峰\.m2\repository\com\jayway\jsonpath\json-path\2.9.0\json-path-2.9.0.jar;C:\Users\黄耀峰\.m2\repository\jakarta\xml\bind\jakarta.xml.bind-api\4.0.2\jakarta.xml.bind-api-4.0.2.jar;C:\Users\黄耀峰\.m2\repository\jakarta\activation\jakarta.activation-api\2.1.3\jakarta.activation-api-2.1.3.jar;C:\Users\黄耀峰\.m2\repository\net\minidev\json-smart\2.5.2\json-smart-2.5.2.jar;C:\Users\黄耀峰\.m2\repository\net\minidev\accessors-smart\2.5.2\accessors-smart-2.5.2.jar;C:\Users\黄耀峰\.m2\repository\org\ow2\asm\asm\9.7.1\asm-9.7.1.jar;C:\Users\黄耀峰\.m2\repository\org\assertj\assertj-core\3.27.4\assertj-core-3.27.4.jar;C:\Users\黄耀峰\.m2\repository\net\bytebuddy\byte-buddy\1.17.7\byte-buddy-1.17.7.jar;C:\Users\黄耀峰\.m2\repository\org\awaitility\awaitility\4.2.2\awaitility-4.2.2.jar;C:\Users\黄耀峰\.m2\repository\org\hamcrest\hamcrest\3.0\hamcrest-3.0.jar;C:\Users\黄耀峰\.m2\repository\org\junit\jupiter\junit-jupiter\5.12.2\junit-jupiter-5.12.2.jar;C:\Users\黄耀峰\.m2\repository\org\junit\jupiter\junit-jupiter-api\5.12.2\junit-jupiter-api-5.12.2.jar;C:\Users\黄耀峰\.m2\repository\org\opentest4j\opentest4j\1.3.0\opentest4j-1.3.0.jar;C:\Users\黄耀峰\.m2\repository\org\junit\platform\junit-platform-commons\1.12.2\junit-platform-commons-1.12.2.jar;C:\Users\黄耀峰\.m2\repository\org\apiguardian\apiguardian-api\1.1.2\apiguardian-api-1.1.2.jar;C:\Users\黄耀峰\.m2\repository\org\junit\jupiter\junit-jupiter-params\5.12.2\junit-jupiter-params-5.12.2.jar;C:\Users\黄耀峰\.m2\repository\org\junit\jupiter\junit-jupiter-engine\5.12.2\junit-jupiter-engine-5.12.2.jar;C:\Users\黄耀峰\.m2\repository\org\junit\platform\junit-platform-engine\1.12.2\junit-platform-engine-1.12.2.jar;C:\Users\黄耀峰\.m2\repository\org\mockito\mockito-core\5.17.0\mockito-core-5.17.0.jar;C:\Users\黄耀峰\.m2\repository\net\bytebuddy\byte-buddy-agent\1.17.7\byte-buddy-agent-1.17.7.jar;C:\Users\黄耀峰\.m2\repository\org\objenesis\objenesis\3.3\objenesis-3.3.jar;C:\Users\黄耀峰\.m2\repository\org\mockito\mockito-junit-jupiter\5.17.0\mockito-junit-jupiter-5.17.0.jar;C:\Users\黄耀峰\.m2\repository\org\skyscreamer\jsonassert\1.5.3\jsonassert-1.5.3.jar;C:\Users\黄耀峰\.m2\repository\com\vaadin\external\google\android-json\0.0.20131108.vaadin1\android-json-0.0.20131108.vaadin1.jar;C:\Users\黄耀峰\.m2\repository\org\springframework\spring-core\6.2.10\spring-core-6.2.10.jar;C:\Users\黄耀峰\.m2\repository\org\springframework\spring-jcl\6.2.10\spring-jcl-6.2.10.jar;C:\Users\黄耀峰\.m2\repository\org\springframework\spring-test\6.2.10\spring-test-6.2.10.jar;C:\Users\黄耀峰\.m2\repository\org\xmlunit\xmlunit-core\2.10.3\xmlunit-core-2.10.3.jar;C:\Users\黄耀峰\.m2\repository\org\jetbrains\annotations\13.0\annotations-13.0.jar;C:\Users\黄耀峰\.m2\repository\org\springframework\boot\spring-boot-starter-validation\3.5.5\spring-boot-starter-validation-3.5.5.jar;C:\Users\黄耀峰\.m2\repository\org\apache\tomcat\embed\tomcat-embed-el\10.1.44\tomcat-embed-el-10.1.44.jar;C:\Users\黄耀峰\.m2\repository\org\hibernate\validator\hibernate-validator\8.0.3.Final\hibernate-validator-8.0.3.Final.jar;C:\Users\黄耀峰\.m2\repository\jakarta\validation\jakarta.validation-api\3.0.2\jakarta.validation-api-3.0.2.jar;C:\Users\黄耀峰\.m2\repository\org\jboss\logging\jboss-logging\3.6.1.Final\jboss-logging-3.6.1.Final.jar;C:\Users\黄耀峰\.m2\repository\com\fasterxml\classmate\1.7.0\classmate-1.7.0.jar;"/>
    <property name="java.vm.vendor" value="Oracle Corporation"/>
    <property name="sun.arch.data.model" value="64"/>
    <property name="user.variant" value=""/>
    <property name="java.vendor.url" value="https://java.oracle.com/"/>
    <property name="user.timezone" value="Asia/Shanghai"/>
    <property name="org.jboss.logging.provider" value="slf4j"/>
    <property name="os.name" value="Windows 11"/>
    <property name="java.vm.specification.version" value="21"/>
    <property name="APPLICATION_NAME" value="garbage_recycling"/>
    <property name="sun.java.launcher" value="SUN_STANDARD"/>
    <property name="user.country" value="CN"/>
    <property name="sun.boot.library.path" value="E:\java jdk21\bin"/>
    <property name="sun.java.command" value="C:\Users\黄耀峰\AppData\Local\Temp\surefire8087763800961198177\surefirebooter-20251009222820690_3.jar C:\Users\黄耀峰\AppData\Local\Temp\surefire8087763800961198177 2025-10-09T22-28-20_557-jvmRun1 surefire-20251009222820690_1tmp surefire_0-20251009222820690_2tmp"/>
    <property name="jdk.debug" value="release"/>
    <property name="surefire.test.class.path" value="E:\work_java\Team_project\garbage_recycling\garbage_recycling\target\test-classes;E:\work_java\Team_project\garbage_recycling\garbage_recycling\target\classes;C:\Users\黄耀峰\.m2\repository\javax\annotation\javax.annotation-api\1.3.2\javax.annotation-api-1.3.2.jar;C:\Users\黄耀峰\.m2\repository\org\springframework\boot\spring-boot-starter-web\3.5.5\spring-boot-starter-web-3.5.5.jar;C:\Users\黄耀峰\.m2\repository\org\springframework\boot\spring-boot-starter\3.5.5\spring-boot-starter-3.5.5.jar;C:\Users\黄耀峰\.m2\repository\org\springframework\boot\spring-boot\3.5.5\spring-boot-3.5.5.jar;C:\Users\黄耀峰\.m2\repository\org\springframework\boot\spring-boot-starter-logging\3.5.5\spring-boot-starter-logging-3.5.5.jar;C:\Users\黄耀峰\.m2\repository\ch\qos\logback\logback-classic\1.5.18\logback-classic-1.5.18.jar;C:\Users\黄耀峰\.m2\repository\ch\qos\logback\logback-core\1.5.18\logback-core-1.5.18.jar;C:\Users\黄耀峰\.m2\repository\org\apache\logging\log4j\log4j-to-slf4j\2.24.3\log4j-to-slf4j-2.24.3.jar;C:\Users\黄耀峰\.m2\repository\org\apache\logging\log4j\log4j-api\2.24.3\log4j-api-2.24.3.jar;C:\Users\黄耀峰\.m2\repository\org\slf4j\jul-to-slf4j\2.0.17\jul-to-slf4j-2.0.17.jar;C:\Users\黄耀峰\.m2\repository\jakarta\annotation\jakarta.annotation-api\2.1.1\jakarta.annotation-api-2.1.1.jar;C:\Users\黄耀峰\.m2\repository\org\yaml\snakeyaml\2.4\snakeyaml-2.4.jar;C:\Users\黄耀峰\.m2\repository\org\springframework\boot\spring-boot-starter-json\3.5.5\spring-boot-starter-json-3.5.5.jar;C:\Users\黄耀峰\.m2\repository\com\fasterxml\jackson\datatype\jackson-datatype-jdk8\2.19.2\jackson-datatype-jdk8-2.19.2.jar;C:\Users\黄耀峰\.m2\repository\com\fasterxml\jackson\datatype\jackson-datatype-jsr310\2.19.2\jackson-datatype-jsr310-2.19.2.jar;C:\Users\黄耀峰\.m2\repository\com\fasterxml\jackson\module\jackson-module-parameter-names\2.19.2\jackson-module-parameter-names-2.19.2.jar;C:\Users\黄耀峰\.m2\repository\org\springframework\boot\spring-boot-starter-tomcat\3.5.5\spring-boot-starter-tomcat-3.5.5.jar;C:\Users\黄耀峰\.m2\repository\org\apache\tomcat\embed\tomcat-embed-core\10.1.44\tomcat-embed-core-10.1.44.jar;C:\Users\黄耀峰\.m2\repository\org\apache\tomcat\embed\tomcat-embed-websocket\10.1.44\tomcat-embed-websocket-10.1.44.jar;C:\Users\黄耀峰\.m2\repository\org\springframework\spring-web\6.2.10\spring-web-6.2.10.jar;C:\Users\黄耀峰\.m2\repository\org\springframework\spring-beans\6.2.10\spring-beans-6.2.10.jar;C:\Users\黄耀峰\.m2\repository\io\micrometer\micrometer-observation\1.15.3\micrometer-observation-1.15.3.jar;C:\Users\黄耀峰\.m2\repository\io\micrometer\micrometer-commons\1.15.3\micrometer-commons-1.15.3.jar;C:\Users\黄耀峰\.m2\repository\org\springframework\spring-webmvc\6.2.10\spring-webmvc-6.2.10.jar;C:\Users\黄耀峰\.m2\repository\org\springframework\spring-aop\6.2.10\spring-aop-6.2.10.jar;C:\Users\黄耀峰\.m2\repository\org\springframework\spring-context\6.2.10\spring-context-6.2.10.jar;C:\Users\黄耀峰\.m2\repository\org\springframework\spring-expression\6.2.10\spring-expression-6.2.10.jar;C:\Users\黄耀峰\.m2\repository\org\springdoc\springdoc-openapi-starter-webmvc-ui\2.7.0\springdoc-openapi-starter-webmvc-ui-2.7.0.jar;C:\Users\黄耀峰\.m2\repository\org\springdoc\springdoc-openapi-starter-webmvc-api\2.7.0\springdoc-openapi-starter-webmvc-api-2.7.0.jar;C:\Users\黄耀峰\.m2\repository\org\springdoc\springdoc-openapi-starter-common\2.7.0\springdoc-openapi-starter-common-2.7.0.jar;C:\Users\黄耀峰\.m2\repository\io\swagger\core\v3\swagger-core-jakarta\2.2.25\swagger-core-jakarta-2.2.25.jar;C:\Users\黄耀峰\.m2\repository\org\apache\commons\commons-lang3\3.17.0\commons-lang3-3.17.0.jar;C:\Users\黄耀峰\.m2\repository\io\swagger\core\v3\swagger-annotations-jakarta\2.2.25\swagger-annotations-jakarta-2.2.25.jar;C:\Users\黄耀峰\.m2\repository\io\swagger\core\v3\swagger-models-jakarta\2.2.25\swagger-models-jakarta-2.2.25.jar;C:\Users\黄耀峰\.m2\repository\com\fasterxml\jackson\dataformat\jackson-dataformat-yaml\2.19.2\jackson-dataformat-yaml-2.19.2.jar;C:\Users\黄耀峰\.m2\repository\org\webjars\swagger-ui\5.18.2\swagger-ui-5.18.2.jar;C:\Users\黄耀峰\.m2\repository\org\webjars\webjars-locator-lite\1.1.0\webjars-locator-lite-1.1.0.jar;C:\Users\黄耀峰\.m2\repository\org\jspecify\jspecify\1.0.0\jspecify-1.0.0.jar;C:\Users\黄耀峰\.m2\repository\com\mysql\mysql-connector-j\9.4.0\mysql-connector-j-9.4.0.jar;C:\Users\黄耀峰\.m2\repository\org\projectlombok\lombok\1.18.36\lombok-1.18.36.jar;C:\Users\黄耀峰\.m2\repository\com\baomidou\mybatis-plus-spring-boot3-starter\3.5.6\mybatis-plus-spring-boot3-starter-3.5.6.jar;C:\Users\黄耀峰\.m2\repository\com\baomidou\mybatis-plus\3.5.6\mybatis-plus-3.5.6.jar;C:\Users\黄耀峰\.m2\repository\com\baomidou\mybatis-plus-core\3.5.6\mybatis-plus-core-3.5.6.jar;C:\Users\黄耀峰\.m2\repository\com\baomidou\mybatis-plus-annotation\3.5.6\mybatis-plus-annotation-3.5.6.jar;C:\Users\黄耀峰\.m2\repository\com\baomidou\mybatis-plus-extension\3.5.6\mybatis-plus-extension-3.5.6.jar;C:\Users\黄耀峰\.m2\repository\org\mybatis\mybatis\3.5.16\mybatis-3.5.16.jar;C:\Users\黄耀峰\.m2\repository\com\github\jsqlparser\jsqlparser\4.9\jsqlparser-4.9.jar;C:\Users\黄耀峰\.m2\repository\org\mybatis\mybatis-spring\3.0.3\mybatis-spring-3.0.3.jar;C:\Users\黄耀峰\.m2\repository\com\baomidou\mybatis-plus-spring-boot-autoconfigure\3.5.6\mybatis-plus-spring-boot-autoconfigure-3.5.6.jar;C:\Users\黄耀峰\.m2\repository\org\springframework\boot\spring-boot-autoconfigure\3.5.5\spring-boot-autoconfigure-3.5.5.jar;C:\Users\黄耀峰\.m2\repository\org\springframework\boot\spring-boot-starter-jdbc\3.5.5\spring-boot-starter-jdbc-3.5.5.jar;C:\Users\黄耀峰\.m2\repository\com\zaxxer\HikariCP\6.3.2\HikariCP-6.3.2.jar;C:\Users\黄耀峰\.m2\repository\org\springframework\spring-jdbc\6.2.10\spring-jdbc-6.2.10.jar;C:\Users\黄耀峰\.m2\repository\io\jsonwebtoken\jjwt-api\0.11.2\jjwt-api-0.11.2.jar;C:\Users\黄耀峰\.m2\repository\io\jsonwebtoken\jjwt-impl\0.11.2\jjwt-impl-0.11.2.jar;C:\Users\黄耀峰\.m2\repository\io\jsonwebtoken\jjwt-jackson\0.11.2\jjwt-jackson-0.11.2.jar;C:\Users\黄耀峰\.m2\repository\com\fasterxml\jackson\core\jackson-databind\2.19.2\jackson-databind-2.19.2.jar;C:\Users\黄耀峰\.m2\repository\com\fasterxml\jackson\core\jackson-annotations\2.19.2\jackson-annotations-2.19.2.jar;C:\Users\黄耀峰\.m2\repository\com\fasterxml\jackson\core\jackson-core\2.19.2\jackson-core-2.19.2.jar;C:\Users\黄耀峰\.m2\repository\org\springframework\boot\spring-boot-starter-data-redis\3.5.5\spring-boot-starter-data-redis-3.5.5.jar;C:\Users\黄耀峰\.m2\repository\io\lettuce\lettuce-core\6.6.0.RELEASE\lettuce-core-6.6.0.RELEASE.jar;C:\Users\黄耀峰\.m2\repository\redis\clients\authentication\redis-authx-core\0.1.1-beta2\redis-authx-core-0.1.1-beta2.jar;C:\Users\黄耀峰\.m2\repository\io\netty\netty-common\4.1.124.Final\netty-common-4.1.124.Final.jar;C:\Users\黄耀峰\.m2\repository\io\netty\netty-handler\4.1.124.Final\netty-handler-4.1.124.Final.jar;C:\Users\黄耀峰\.m2\repository\io\netty\netty-resolver\4.1.124.Final\netty-resolver-4.1.124.Final.jar;C:\Users\黄耀峰\.m2\repository\io\netty\netty-buffer\4.1.124.Final\netty-buffer-4.1.124.Final.jar;C:\Users\黄耀峰\.m2\repository\io\netty\netty-transport-native-unix-common\4.1.124.Final\netty-transport-native-unix-common-4.1.124.Final.jar;C:\Users\黄耀峰\.m2\repository\io\netty\netty-codec\4.1.124.Final\netty-codec-4.1.124.Final.jar;C:\Users\黄耀峰\.m2\repository\io\netty\netty-transport\4.1.124.Final\netty-transport-4.1.124.Final.jar;C:\Users\黄耀峰\.m2\repository\io\projectreactor\reactor-core\3.7.9\reactor-core-3.7.9.jar;C:\Users\黄耀峰\.m2\repository\org\reactivestreams\reactive-streams\1.0.4\reactive-streams-1.0.4.jar;C:\Users\黄耀峰\.m2\repository\org\springframework\data\spring-data-redis\3.5.3\spring-data-redis-3.5.3.jar;C:\Users\黄耀峰\.m2\repository\org\springframework\data\spring-data-keyvalue\3.5.3\spring-data-keyvalue-3.5.3.jar;C:\Users\黄耀峰\.m2\repository\org\springframework\data\spring-data-commons\3.5.3\spring-data-commons-3.5.3.jar;C:\Users\黄耀峰\.m2\repository\org\springframework\spring-tx\6.2.10\spring-tx-6.2.10.jar;C:\Users\黄耀峰\.m2\repository\org\springframework\spring-oxm\6.2.10\spring-oxm-6.2.10.jar;C:\Users\黄耀峰\.m2\repository\org\springframework\spring-context-support\6.2.10\spring-context-support-6.2.10.jar;C:\Users\黄耀峰\.m2\repository\org\slf4j\slf4j-api\2.0.17\slf4j-api-2.0.17.jar;C:\Users\黄耀峰\.m2\repository\com\alibaba\fastjson\2.0.48\fastjson-2.0.48.jar;C:\Users\黄耀峰\.m2\repository\com\alibaba\fastjson2\fastjson2-extension\2.0.48\fastjson2-extension-2.0.48.jar;C:\Users\黄耀峰\.m2\repository\com\alibaba\fastjson2\fastjson2\2.0.48\fastjson2-2.0.48.jar;C:\Users\黄耀峰\.m2\repository\jakarta\servlet\jakarta.servlet-api\6.0.0\jakarta.servlet-api-6.0.0.jar;C:\Users\黄耀峰\.m2\repository\org\springframework\boot\spring-boot-starter-test\3.5.5\spring-boot-starter-test-3.5.5.jar;C:\Users\黄耀峰\.m2\repository\org\springframework\boot\spring-boot-test\3.5.5\spring-boot-test-3.5.5.jar;C:\Users\黄耀峰\.m2\repository\org\springframework\boot\spring-boot-test-autoconfigure\3.5.5\spring-boot-test-autoconfigure-3.5.5.jar;C:\Users\黄耀峰\.m2\repository\com\jayway\jsonpath\json-path\2.9.0\json-path-2.9.0.jar;C:\Users\黄耀峰\.m2\repository\jakarta\xml\bind\jakarta.xml.bind-api\4.0.2\jakarta.xml.bind-api-4.0.2.jar;C:\Users\黄耀峰\.m2\repository\jakarta\activation\jakarta.activation-api\2.1.3\jakarta.activation-api-2.1.3.jar;C:\Users\黄耀峰\.m2\repository\net\minidev\json-smart\2.5.2\json-smart-2.5.2.jar;C:\Users\黄耀峰\.m2\repository\net\minidev\accessors-smart\2.5.2\accessors-smart-2.5.2.jar;C:\Users\黄耀峰\.m2\repository\org\ow2\asm\asm\9.7.1\asm-9.7.1.jar;C:\Users\黄耀峰\.m2\repository\org\assertj\assertj-core\3.27.4\assertj-core-3.27.4.jar;C:\Users\黄耀峰\.m2\repository\net\bytebuddy\byte-buddy\1.17.7\byte-buddy-1.17.7.jar;C:\Users\黄耀峰\.m2\repository\org\awaitility\awaitility\4.2.2\awaitility-4.2.2.jar;C:\Users\黄耀峰\.m2\repository\org\hamcrest\hamcrest\3.0\hamcrest-3.0.jar;C:\Users\黄耀峰\.m2\repository\org\junit\jupiter\junit-jupiter\5.12.2\junit-jupiter-5.12.2.jar;C:\Users\黄耀峰\.m2\repository\org\junit\jupiter\junit-jupiter-api\5.12.2\junit-jupiter-api-5.12.2.jar;C:\Users\黄耀峰\.m2\repository\org\opentest4j\opentest4j\1.3.0\opentest4j-1.3.0.jar;C:\Users\黄耀峰\.m2\repository\org\junit\platform\junit-platform-commons\1.12.2\junit-platform-commons-1.12.2.jar;C:\Users\黄耀峰\.m2\repository\org\apiguardian\apiguardian-api\1.1.2\apiguardian-api-1.1.2.jar;C:\Users\黄耀峰\.m2\repository\org\junit\jupiter\junit-jupiter-params\5.12.2\junit-jupiter-params-5.12.2.jar;C:\Users\黄耀峰\.m2\repository\org\junit\jupiter\junit-jupiter-engine\5.12.2\junit-jupiter-engine-5.12.2.jar;C:\Users\黄耀峰\.m2\repository\org\junit\platform\junit-platform-engine\1.12.2\junit-platform-engine-1.12.2.jar;C:\Users\黄耀峰\.m2\repository\org\mockito\mockito-core\5.17.0\mockito-core-5.17.0.jar;C:\Users\黄耀峰\.m2\repository\net\bytebuddy\byte-buddy-agent\1.17.7\byte-buddy-agent-1.17.7.jar;C:\Users\黄耀峰\.m2\repository\org\objenesis\objenesis\3.3\objenesis-3.3.jar;C:\Users\黄耀峰\.m2\repository\org\mockito\mockito-junit-jupiter\5.17.0\mockito-junit-jupiter-5.17.0.jar;C:\Users\黄耀峰\.m2\repository\org\skyscreamer\jsonassert\1.5.3\jsonassert-1.5.3.jar;C:\Users\黄耀峰\.m2\repository\com\vaadin\external\google\android-json\0.0.20131108.vaadin1\android-json-0.0.20131108.vaadin1.jar;C:\Users\黄耀峰\.m2\repository\org\springframework\spring-core\6.2.10\spring-core-6.2.10.jar;C:\Users\黄耀峰\.m2\repository\org\springframework\spring-jcl\6.2.10\spring-jcl-6.2.10.jar;C:\Users\黄耀峰\.m2\repository\org\springframework\spring-test\6.2.10\spring-test-6.2.10.jar;C:\Users\黄耀峰\.m2\repository\org\xmlunit\xmlunit-core\2.10.3\xmlunit-core-2.10.3.jar;C:\Users\黄耀峰\.m2\repository\org\jetbrains\annotations\13.0\annotations-13.0.jar;C:\Users\黄耀峰\.m2\repository\org\springframework\boot\spring-boot-starter-validation\3.5.5\spring-boot-starter-validation-3.5.5.jar;C:\Users\黄耀峰\.m2\repository\org\apache\tomcat\embed\tomcat-embed-el\10.1.44\tomcat-embed-el-10.1.44.jar;C:\Users\黄耀峰\.m2\repository\org\hibernate\validator\hibernate-validator\8.0.3.Final\hibernate-validator-8.0.3.Final.jar;C:\Users\黄耀峰\.m2\repository\jakarta\validation\jakarta.validation-api\3.0.2\jakarta.validation-api-3.0.2.jar;C:\Users\黄耀峰\.m2\repository\org\jboss\logging\jboss-logging\3.6.1.Final\jboss-logging-3.6.1.Final.jar;C:\Users\黄耀峰\.m2\repository\com\fasterxml\classmate\1.7.0\classmate-1.7.0.jar;"/>
    <property name="sun.cpu.endian" value="little"/>
    <property name="user.home" value="C:\Users\黄耀峰"/>
    <property name="user.language" value="zh"/>
    <property name="java.specification.vendor" value="Oracle Corporation"/>
    <property name="java.version.date" value="2023-10-17"/>
    <property name="java.home" value="E:\java jdk21"/>
    <property name="file.separator" value="\"/>
    <property name="basedir" value="E:\work_java\Team_project\garbage_recycling\garbage_recycling"/>
    <property name="java.vm.compressedOopsMode" value="Zero based"/>
    <property name="line.separator" value="&#10;"/>
    <property name="java.vm.specification.vendor" value="Oracle Corporation"/>
    <property name="java.specification.name" value="Java Platform API Specification"/>
    <property name="FILE_LOG_CHARSET" value="UTF-8"/>
    <property name="java.awt.headless" value="true"/>
    <property name="surefire.real.class.path" value="C:\Users\黄耀峰\AppData\Local\Temp\surefire8087763800961198177\surefirebooter-20251009222820690_3.jar"/>
    <property name="user.script" value=""/>
    <property name="sun.management.compiler" value="HotSpot 64-Bit Tiered Compilers"/>
    <property name="java.runtime.version" value="21.0.1+12-LTS-29"/>
    <property name="user.name" value="Huang_yaofeng"/>
    <property name="stdout.encoding" value="GBK"/>
    <property name="path.separator" value=";"/>
    <property name="os.version" value="10.0"/>
    <property name="java.runtime.name" value="Java(TM) SE Runtime Environment"/>
    <property name="file.encoding" value="UTF-8"/>
    <property name="java.vm.name" value="Java HotSpot(TM) 64-Bit Server VM"/>
    <property name="localRepository" value="C:\Users\黄耀峰\.m2\repository"/>
    <property name="java.vendor.url.bug" value="https://bugreport.java.com/bugreport/"/>
    <property name="java.io.tmpdir" value="C:\Users\黄耀峰\AppData\Local\Temp\"/>
    <property name="java.version" value="21.0.1"/>
    <property name="user.dir" value="E:\work_java\Team_project\garbage_recycling\garbage_recycling"/>
    <property name="os.arch" value="amd64"/>
    <property name="java.vm.specification.name" value="Java Virtual Machine Specification"/>
    <property name="PID" value="21380"/>
    <property name="sun.os.patch.level" value=""/>
    <property name="CONSOLE_LOG_CHARSET" value="UTF-8"/>
    <property name="native.encoding" value="GBK"/>
    <property name="java.library.path" value="E:\java jdk21\bin;C:\WINDOWS\Sun\Java\bin;C:\WINDOWS\system32;C:\WINDOWS;E:\VMware\bin\;C:\Program Files\Common Files\Oracle\Java\javapath;C:\Program Files (x86)\Common Files\Oracle\Java\java8path;C:\Program Files (x86)\Common Files\Oracle\Java\javapath;C:\Program Files\Microsoft\jdk-11.0.16.101-hotspot\bin;D:\Program Files\python311\Scripts\;D:\Program Files\python311\;C:\Windows\system32;C:\Windows;C:\Windows\System32\Wbem;C:\Windows\System32\WindowsPowerShell\v1.0\;C:\Windows\System32\OpenSSH\;C:\Program Files (x86)\NVIDIA Corporation\PhysX\Common;C:\Program Files\Docker\Docker\resources\bin;C:\WINDOWS\system32;C:\WINDOWS;C:\WINDOWS\System32\Wbem;C:\WINDOWS\System32\WindowsPowerShell\v1.0\;C:\WINDOWS\System32\OpenSSH\;E:\sql_server\160\Tools\Binn\;C:\Program Files\Microsoft SQL Server\160\Tools\Binn\;C:\Program Files\Microsoft SQL Server\Client SDK\ODBC\170\Tools\Binn\;C:\Program Files\Microsoft SQL Server\160\DTS\Binn\;E:\sql_server\160\DTS\Binn\;C:\Program Files\NVIDIA Corporation\NVIDIA app\NvDLISR;C:\Program Files\dotnet\;C:\Program Files (x86)\Windows Kits\10\Windows Performance Toolkit\;E:\Tool\Redis;E:\Tool\nvm;E:\Tool\nodejs;E:\Tool\nvm\v14.17.5;E:\Tool\nvm\v14.17.5\node_modules\npm\bin;E:\Tool\nvm;E:\Tool\maven\apache-maven-3.9.11\bin;E:\Tool\Git\Git\cmd;C:\Program Files\MySQL\MySQL Shell 8.0\bin\;C:\Users\黄耀峰\AppData\Local\Microsoft\WindowsApps;E:\Microsoft VS Code\bin;E:\IntelliJ IDEA 2024.3.4\bin;;C:\Users\黄耀峰\.dotnet\tools;E:\Tool\Redis;E:\Tool\nvm;E:\Tool\nodejs;."/>
    <property name="java.vm.info" value="mixed mode, sharing"/>
    <property name="stderr.encoding" value="GBK"/>
    <property name="java.vendor" value="Oracle Corporation"/>
    <property name="java.vm.version" value="21.0.1+12-LTS-29"/>
    <property name="sun.io.unicode.encoding" value="UnicodeLittle"/>
    <property name="java.class.version" value="65.0"/>
    <property name="LOGGED_APPLICATION_NAME" value="[garbage_recycling] "/>
  </properties>
  <testcase name="contextLoads" classname="com.stu.GarbageRecyclingApplicationTests" time="0.551">
    <system-out><![CDATA[22:28:21.341 [main] INFO org.springframework.test.context.support.AnnotationConfigContextLoaderUtils -- Could not detect default configuration classes for test class [com.stu.GarbageRecyclingApplicationTests]: GarbageRecyclingApplicationTests does not declare any static, non-private, non-final, nested classes annotated with @Configuration.
22:28:21.425 [main] INFO org.springframework.boot.test.context.SpringBootTestContextBootstrapper -- Found @SpringBootConfiguration com.stu.GarbageRecyclingApplication for test class com.stu.GarbageRecyclingApplicationTests

  .   ____          _            __ _ _
 /\\ / ___'_ __ _ _(_)_ __  __ _ \ \ \ \
( ( )\___ | '_ | '_| | '_ \/ _` | \ \ \ \
 \\/  ___)| |_)| | | | | || (_| |  ) ) ) )
  '  |____| .__|_| |_|_| |_\__, | / / / /
 =========|_|==============|___/=/_/_/_/

 :: Spring Boot ::                (v3.5.5)

2025-10-09T22:28:21.748+08:00  INFO 21380 --- [garbage_recycling] [           main] c.stu.GarbageRecyclingApplicationTests   : Starting GarbageRecyclingApplicationTests using Java 21.0.1 with PID 21380 (started by Huang_yaofeng in E:\work_java\Team_project\garbage_recycling\garbage_recycling)
2025-10-09T22:28:21.749+08:00 DEBUG 21380 --- [garbage_recycling] [           main] c.stu.GarbageRecyclingApplicationTests   : Running with Spring Boot v3.5.5, Spring v6.2.10
2025-10-09T22:28:21.749+08:00  INFO 21380 --- [garbage_recycling] [           main] c.stu.GarbageRecyclingApplicationTests   : No active profile set, falling back to 1 default profile: "default"
2025-10-09T22:28:22.777+08:00  INFO 21380 --- [garbage_recycling] [           main] .s.d.r.c.RepositoryConfigurationDelegate : Multiple Spring Data modules found, entering strict repository configuration mode
2025-10-09T22:28:22.780+08:00  INFO 21380 --- [garbage_recycling] [           main] .s.d.r.c.RepositoryConfigurationDelegate : Bootstrapping Spring Data Redis repositories in DEFAULT mode.
2025-10-09T22:28:22.810+08:00  INFO 21380 --- [garbage_recycling] [           main] .s.d.r.c.RepositoryConfigurationDelegate : Finished Spring Data repository scanning in 14 ms. Found 0 Redis repository interfaces.
图片目录初始化完成:
分类图片目录: E:\work_java\Team_project\garbage_recycling\garbage_recycling\.\uploads\category-images
身份背景图目录: E:\work_java\Team_project\garbage_recycling\garbage_recycling\.\uploads\identity-bg
Context Path: /api
Logging initialized using 'class org.apache.ibatis.logging.stdout.StdOutImpl' adapter.
[com.stu.mapper.UserMapper.selectById] Has been loaded by XML or SqlProvider or Mybatis's Annotation, so ignoring this injection for [class com.baomidou.mybatisplus.core.injector.methods.SelectById]
Use localhost address 
Get LAPTOP-VFKLIRHL/10.44.41.161 network interface 
Get network interface info: name:wireless_32768 (Intel(R) Wi-Fi 6E AX211 160MHz)
Initialization Sequence datacenterId:0 workerId:28
 _ _   |_  _ _|_. ___ _ |    _ 
| | |\/|_)(_| | |_\  |_)||_|_\ 
     /               |         
                        3.5.6 
2025-10-09T22:28:23.814+08:00  INFO 21380 --- [garbage_recycling] [           main] com.stu.util.WeChatUtil                  : 初始化测试用户完成，测试模式: true，可用测试code: [test_code_456, test_code_123, test_code_person, test_code_campus]
2025-10-09T22:28:24.410+08:00  INFO 21380 --- [garbage_recycling] [           main] com.stu.config.WebMvcConfig              : 开始配置JWT拦截器...
2025-10-09T22:28:24.411+08:00  INFO 21380 --- [garbage_recycling] [           main] com.stu.config.WebMvcConfig              : JWT拦截器配置完成
2025-10-09T22:28:24.729+08:00  INFO 21380 --- [garbage_recycling] [           main] com.stu.config.WebMvcConfig              : 开始配置静态资源映射...
2025-10-09T22:28:24.730+08:00  INFO 21380 --- [garbage_recycling] [           main] com.stu.config.WebMvcConfig              : 身份背景图映射: /images/identity-bg/** -> file:E:/work_java/Team_project/garbage_recycling/garbage_recycling/./uploads/identity-bg/
2025-10-09T22:28:24.730+08:00  INFO 21380 --- [garbage_recycling] [           main] com.stu.config.WebMvcConfig              : 分类图片映射: /images/category/** -> file:E:/work_java/Team_project/garbage_recycling/garbage_recycling/./uploads/category-images/
2025-10-09T22:28:24.730+08:00  INFO 21380 --- [garbage_recycling] [           main] com.stu.config.WebMvcConfig              : 静态资源映射配置完成
2025-10-09T22:28:25.757+08:00  INFO 21380 --- [garbage_recycling] [           main] c.stu.GarbageRecyclingApplicationTests   : Started GarbageRecyclingApplicationTests in 4.225 seconds (process running for 4.929)
]]></system-out>
    <system-err><![CDATA[Mockito is currently self-attaching to enable the inline-mock-maker. This will no longer work in future releases of the JDK. Please add Mockito as an agent to your build as described in Mockito's documentation: https://javadoc.io/doc/org.mockito/mockito-core/latest/org.mockito/org/mockito/Mockito.html#0.3
WARNING: A Java agent has been loaded dynamically (C:\Users\»Æҫ·å\.m2\repository\net\bytebuddy\byte-buddy-agent\1.17.7\byte-buddy-agent-1.17.7.j)
WARNING: If a serviceability tool is in use, please run with -XX:+EnableDynamicAgentLoading to hide this warning
WARNING: If a serviceability tool is not in use, please run with -Djdk.instrument.traceUsage for more information
WARNING: Dynamic loading of agents will be disallowed by default in a future release
]]></system-err>
  </testcase>
</testsuite>